2022-07-11 13:34:14 | [INFO]    | Discordia 2.9.2
2022-07-11 13:34:14 | [INFO]    | Connecting to Discord...
2022-07-11 13:34:15 | [INFO]    | Authenticated as cumbotv3#4867
2022-07-11 13:34:16 | [INFO]    | Launching shard 0 (1 out of 1)...
2022-07-11 13:34:16 | [INFO]    | Shard 0 : Connected to wss://gateway.discord.gg
2022-07-11 13:34:16 | [INFO]    | Shard 0 : Received HELLO
2022-07-11 13:34:16 | [INFO]    | Shard 0 : Received READY
2022-07-11 13:41:25 | [INFO]    | Discordia 2.9.2
2022-07-11 13:41:25 | [INFO]    | Connecting to Discord...
2022-07-11 13:41:26 | [INFO]    | Authenticated as cumbotv3#4867
2022-07-11 13:41:26 | [INFO]    | Launching shard 0 (1 out of 1)...
2022-07-11 13:41:26 | [INFO]    | Shard 0 : Connected to wss://gateway.discord.gg
2022-07-11 13:41:26 | [INFO]    | Shard 0 : Received HELLO
2022-07-11 13:41:27 | [INFO]    | Shard 0 : Received READY
2022-07-11 13:41:41 | [INFO]    | Discordia 2.9.2
2022-07-11 13:41:41 | [INFO]    | Connecting to Discord...
2022-07-11 13:41:41 | [INFO]    | Authenticated as cumbotv3#4867
2022-07-11 13:41:41 | [INFO]    | Launching shard 0 (1 out of 1)...
2022-07-11 13:41:41 | [INFO]    | Shard 0 : Connected to wss://gateway.discord.gg
2022-07-11 13:41:41 | [INFO]    | Shard 0 : Received HELLO
2022-07-11 13:41:42 | [INFO]    | Shard 0 : Received READY
2022-07-11 13:43:21 | [INFO]    | Discordia 2.9.2
2022-07-11 13:43:21 | [INFO]    | Connecting to Discord...
2022-07-11 13:43:21 | [INFO]    | Authenticated as cumbotv3#4867
2022-07-11 13:43:21 | [INFO]    | Launching shard 0 (1 out of 1)...
2022-07-11 13:43:22 | [INFO]    | Shard 0 : Connected to wss://gateway.discord.gg
2022-07-11 13:43:22 | [INFO]    | Shard 0 : Received HELLO
2022-07-11 13:43:22 | [INFO]    | Shard 0 : Received READY
2022-07-11 14:52:39 | [INFO]    | Discordia 2.9.2
2022-07-11 14:52:39 | [INFO]    | Connecting to Discord...
2022-07-11 14:52:39 | [INFO]    | Authenticated as cumbotv3#4867
2022-07-11 14:52:40 | [INFO]    | Launching shard 0 (1 out of 1)...
2022-07-11 14:52:40 | [INFO]    | Shard 0 : Connected to wss://gateway.discord.gg
2022-07-11 14:52:40 | [INFO]    | Shard 0 : Received HELLO
2022-07-11 14:52:40 | [INFO]    | Shard 0 : Received READY
2022-07-11 14:53:21 | [INFO]    | Discordia 2.9.2
2022-07-11 14:53:21 | [INFO]    | Connecting to Discord...
2022-07-11 14:53:21 | [INFO]    | Authenticated as cumbotv3#4867
2022-07-11 14:53:21 | [INFO]    | Launching shard 0 (1 out of 1)...
2022-07-11 14:53:22 | [INFO]    | Shard 0 : Connected to wss://gateway.discord.gg
2022-07-11 14:53:22 | [INFO]    | Shard 0 : Received HELLO
2022-07-11 14:53:22 | [INFO]    | Shard 0 : Received READY
2022-07-11 14:54:41 | [INFO]    | Discordia 2.9.2
2022-07-11 14:54:41 | [INFO]    | Connecting to Discord...
2022-07-11 14:54:42 | [INFO]    | Authenticated as cumbotv3#4867
2022-07-11 14:54:42 | [INFO]    | Launching shard 0 (1 out of 1)...
2022-07-11 14:54:42 | [INFO]    | Shard 0 : Connected to wss://gateway.discord.gg
2022-07-11 14:54:42 | [INFO]    | Shard 0 : Received HELLO
2022-07-11 14:54:43 | [INFO]    | Shard 0 : Received READY
2022-07-11 14:55:11 | [INFO]    | Discordia 2.9.2
2022-07-11 14:55:11 | [INFO]    | Connecting to Discord...
2022-07-11 14:55:11 | [INFO]    | Authenticated as cumbotv3#4867
2022-07-11 14:55:11 | [INFO]    | Launching shard 0 (1 out of 1)...
2022-07-11 14:55:11 | [INFO]    | Shard 0 : Connected to wss://gateway.discord.gg
2022-07-11 14:55:11 | [INFO]    | Shard 0 : Received HELLO
2022-07-11 14:55:12 | [INFO]    | Shard 0 : Received READY
2022-07-11 14:55:52 | [INFO]    | Discordia 2.9.2
2022-07-11 14:55:52 | [INFO]    | Connecting to Discord...
2022-07-11 14:55:53 | [INFO]    | Authenticated as cumbotv3#4867
2022-07-11 14:55:53 | [INFO]    | Launching shard 0 (1 out of 1)...
2022-07-11 14:55:53 | [INFO]    | Shard 0 : Connected to wss://gateway.discord.gg
2022-07-11 14:55:53 | [INFO]    | Shard 0 : Received HELLO
2022-07-11 14:55:54 | [INFO]    | Shard 0 : Received READY
2022-07-11 14:56:19 | [INFO]    | Discordia 2.9.2
2022-07-11 14:56:19 | [INFO]    | Connecting to Discord...
2022-07-11 14:56:20 | [INFO]    | Authenticated as cumbotv3#4867
2022-07-11 14:56:20 | [INFO]    | Launching shard 0 (1 out of 1)...
2022-07-11 14:56:20 | [INFO]    | Shard 0 : Connected to wss://gateway.discord.gg
2022-07-11 14:56:20 | [INFO]    | Shard 0 : Received HELLO
2022-07-11 14:56:21 | [INFO]    | Shard 0 : Received READY
2022-07-11 14:56:41 | [INFO]    | Discordia 2.9.2
2022-07-11 14:56:41 | [INFO]    | Connecting to Discord...
2022-07-11 14:56:42 | [INFO]    | Authenticated as cumbotv3#4867
2022-07-11 14:56:42 | [INFO]    | Launching shard 0 (1 out of 1)...
2022-07-11 14:56:42 | [INFO]    | Shard 0 : Connected to wss://gateway.discord.gg
2022-07-11 14:56:42 | [INFO]    | Shard 0 : Received HELLO
2022-07-11 14:56:43 | [INFO]    | Shard 0 : Received READY
2022-07-11 14:57:38 | [INFO]    | Discordia 2.9.2
2022-07-11 14:57:38 | [INFO]    | Connecting to Discord...
2022-07-11 14:57:38 | [INFO]    | Authenticated as cumbotv3#4867
2022-07-11 14:57:38 | [INFO]    | Launching shard 0 (1 out of 1)...
2022-07-11 14:57:39 | [INFO]    | Shard 0 : Connected to wss://gateway.discord.gg
2022-07-11 14:57:39 | [INFO]    | Shard 0 : Received HELLO
2022-07-11 14:57:39 | [INFO]    | Shard 0 : Received READY
2022-07-11 15:17:03 | [INFO]    | Shard 0 : Disconnected
2022-07-11 15:17:03 | [INFO]    | Shard 0 : Reconnecting after 1029 ms...
2022-07-11 15:17:05 | [INFO]    | Shard 0 : Connected to wss://gateway.discord.gg
2022-07-11 15:17:05 | [INFO]    | Shard 0 : Received HELLO
2022-07-11 15:17:05 | [INFO]    | Shard 0 : Session invalidated, re-identifying...
2022-07-11 15:17:10 | [INFO]    | Shard 0 : Received READY
2022-07-11 15:34:15 | [INFO]    | Discordia 2.9.2
2022-07-11 15:34:15 | [INFO]    | Connecting to Discord...
2022-07-11 15:34:16 | [INFO]    | Authenticated as cumbotv3#4867
2022-07-11 15:34:16 | [INFO]    | Launching shard 0 (1 out of 1)...
2022-07-11 15:34:16 | [INFO]    | Shard 0 : Connected to wss://gateway.discord.gg
2022-07-11 15:34:16 | [INFO]    | Shard 0 : Received HELLO
2022-07-11 15:34:16 | [INFO]    | Shard 0 : Received READY
2022-07-11 15:35:51 | [INFO]    | Discordia 2.9.2
2022-07-11 15:35:51 | [INFO]    | Connecting to Discord...
2022-07-11 15:35:52 | [INFO]    | Authenticated as cumbotv3#4867
2022-07-11 15:35:52 | [INFO]    | Launching shard 0 (1 out of 1)...
2022-07-11 15:35:52 | [INFO]    | Shard 0 : Connected to wss://gateway.discord.gg
2022-07-11 15:35:52 | [INFO]    | Shard 0 : Received HELLO
2022-07-11 15:35:52 | [INFO]    | Shard 0 : Received READY
2022-07-11 15:42:07 | [INFO]    | Discordia 2.9.2
2022-07-11 15:42:07 | [INFO]    | Connecting to Discord...
2022-07-11 15:42:08 | [INFO]    | Authenticated as cumbotv3#4867
2022-07-11 15:42:08 | [INFO]    | Launching shard 0 (1 out of 1)...
2022-07-11 15:42:08 | [INFO]    | Shard 0 : Connected to wss://gateway.discord.gg
2022-07-11 15:42:08 | [INFO]    | Shard 0 : Received HELLO
2022-07-11 15:42:08 | [INFO]    | Shard 0 : Received READY
2022-07-11 15:42:33 | [INFO]    | Discordia 2.9.2
2022-07-11 15:42:33 | [INFO]    | Connecting to Discord...
2022-07-11 15:42:33 | [INFO]    | Authenticated as cumbotv3#4867
2022-07-11 15:42:33 | [INFO]    | Launching shard 0 (1 out of 1)...
2022-07-11 15:42:34 | [INFO]    | Shard 0 : Connected to wss://gateway.discord.gg
2022-07-11 15:42:34 | [INFO]    | Shard 0 : Received HELLO
2022-07-11 15:42:34 | [INFO]    | Shard 0 : Received READY
2022-07-11 15:42:59 | [INFO]    | Discordia 2.9.2
2022-07-11 15:42:59 | [INFO]    | Connecting to Discord...
2022-07-11 15:43:00 | [INFO]    | Authenticated as cumbotv3#4867
2022-07-11 15:43:00 | [INFO]    | Launching shard 0 (1 out of 1)...
2022-07-11 15:43:00 | [INFO]    | Shard 0 : Connected to wss://gateway.discord.gg
2022-07-11 15:43:00 | [INFO]    | Shard 0 : Received HELLO
2022-07-11 15:43:00 | [INFO]    | Shard 0 : Received READY
2022-07-11 15:43:33 | [INFO]    | Discordia 2.9.2
2022-07-11 15:43:33 | [INFO]    | Connecting to Discord...
2022-07-11 15:43:34 | [INFO]    | Authenticated as cumbotv3#4867
2022-07-11 15:43:34 | [INFO]    | Launching shard 0 (1 out of 1)...
2022-07-11 15:43:34 | [INFO]    | Shard 0 : Connected to wss://gateway.discord.gg
2022-07-11 15:43:34 | [INFO]    | Shard 0 : Received HELLO
2022-07-11 15:43:35 | [INFO]    | Shard 0 : Received READY
2022-07-11 15:47:15 | [INFO]    | Discordia 2.9.2
2022-07-11 15:47:15 | [INFO]    | Connecting to Discord...
2022-07-11 15:47:16 | [INFO]    | Authenticated as cumbotv3#4867
2022-07-11 15:47:16 | [INFO]    | Launching shard 0 (1 out of 1)...
2022-07-11 15:47:16 | [INFO]    | Shard 0 : Connected to wss://gateway.discord.gg
2022-07-11 15:47:16 | [INFO]    | Shard 0 : Received HELLO
2022-07-11 15:47:17 | [INFO]    | Shard 0 : Received READY
2022-07-11 15:47:43 | [INFO]    | Discordia 2.9.2
2022-07-11 15:47:43 | [INFO]    | Connecting to Discord...
2022-07-11 15:47:43 | [INFO]    | Authenticated as cumbotv3#4867
2022-07-11 15:47:43 | [INFO]    | Launching shard 0 (1 out of 1)...
2022-07-11 15:47:44 | [INFO]    | Shard 0 : Connected to wss://gateway.discord.gg
2022-07-11 15:47:44 | [INFO]    | Shard 0 : Received HELLO
2022-07-11 15:47:44 | [INFO]    | Shard 0 : Received READY
2022-07-11 15:48:13 | [INFO]    | Discordia 2.9.2
2022-07-11 15:48:13 | [INFO]    | Connecting to Discord...
2022-07-11 15:48:14 | [INFO]    | Authenticated as cumbotv3#4867
2022-07-11 15:48:14 | [INFO]    | Launching shard 0 (1 out of 1)...
2022-07-11 15:48:14 | [INFO]    | Shard 0 : Connected to wss://gateway.discord.gg
2022-07-11 15:48:14 | [INFO]    | Shard 0 : Received HELLO
2022-07-11 15:48:14 | [INFO]    | Shard 0 : Received READY
2022-07-11 15:48:33 | [INFO]    | Discordia 2.9.2
2022-07-11 15:48:33 | [INFO]    | Connecting to Discord...
2022-07-11 15:48:34 | [INFO]    | Authenticated as cumbotv3#4867
2022-07-11 15:48:34 | [INFO]    | Launching shard 0 (1 out of 1)...
2022-07-11 15:48:34 | [INFO]    | Shard 0 : Connected to wss://gateway.discord.gg
2022-07-11 15:48:34 | [INFO]    | Shard 0 : Received HELLO
2022-07-11 15:48:35 | [INFO]    | Shard 0 : Received READY
2022-07-11 15:49:04 | [INFO]    | Discordia 2.9.2
2022-07-11 15:49:04 | [INFO]    | Connecting to Discord...
2022-07-11 15:49:04 | [INFO]    | Authenticated as cumbotv3#4867
2022-07-11 15:49:04 | [INFO]    | Launching shard 0 (1 out of 1)...
2022-07-11 15:49:05 | [INFO]    | Shard 0 : Connected to wss://gateway.discord.gg
2022-07-11 15:49:05 | [INFO]    | Shard 0 : Received HELLO
2022-07-11 15:49:05 | [INFO]    | Shard 0 : Received READY
2022-07-11 15:50:11 | [INFO]    | Discordia 2.9.2
2022-07-11 15:50:11 | [INFO]    | Connecting to Discord...
2022-07-11 15:50:12 | [INFO]    | Authenticated as cumbotv3#4867
2022-07-11 15:50:12 | [INFO]    | Launching shard 0 (1 out of 1)...
2022-07-11 15:50:12 | [INFO]    | Shard 0 : Connected to wss://gateway.discord.gg
2022-07-11 15:50:12 | [INFO]    | Shard 0 : Received HELLO
2022-07-11 15:50:12 | [INFO]    | Shard 0 : Received READY
2022-07-11 15:50:13 | [ERROR]   | 400 - Bad Request : POST https://discord.com/api/v7/channels/993316322010202304/messages
2022-07-11 15:50:59 | [INFO]    | Discordia 2.9.2
2022-07-11 15:50:59 | [INFO]    | Connecting to Discord...
2022-07-11 15:50:59 | [INFO]    | Authenticated as cumbotv3#4867
2022-07-11 15:50:59 | [INFO]    | Launching shard 0 (1 out of 1)...
2022-07-11 15:50:59 | [INFO]    | Shard 0 : Connected to wss://gateway.discord.gg
2022-07-11 15:50:59 | [INFO]    | Shard 0 : Received HELLO
2022-07-11 15:51:00 | [INFO]    | Shard 0 : Received READY
2022-07-11 15:51:02 | [ERROR]   | 400 - Bad Request : POST https://discord.com/api/v7/channels/993316322010202304/messages
2022-07-11 16:15:39 | [INFO]    | Discordia 2.9.2
2022-07-11 16:15:39 | [INFO]    | Connecting to Discord...
2022-07-11 16:15:40 | [INFO]    | Authenticated as cumbotv3#4867
2022-07-11 16:15:40 | [INFO]    | Launching shard 0 (1 out of 1)...
2022-07-11 16:15:41 | [INFO]    | Shard 0 : Connected to wss://gateway.discord.gg
2022-07-11 16:15:41 | [INFO]    | Shard 0 : Received HELLO
2022-07-11 16:15:41 | [INFO]    | Shard 0 : Received READY
2022-07-11 16:15:44 | [ERROR]   | 400 - Bad Request : POST https://discord.com/api/v7/channels/993316322010202304/messages
2022-07-11 16:16:32 | [INFO]    | Discordia 2.9.2
2022-07-11 16:16:32 | [INFO]    | Connecting to Discord...
2022-07-11 16:16:32 | [INFO]    | Authenticated as cumbotv3#4867
2022-07-11 16:16:32 | [INFO]    | Launching shard 0 (1 out of 1)...
2022-07-11 16:16:32 | [INFO]    | Shard 0 : Connected to wss://gateway.discord.gg
2022-07-11 16:16:32 | [INFO]    | Shard 0 : Received HELLO
2022-07-11 16:16:33 | [INFO]    | Shard 0 : Received READY
2022-07-11 16:16:34 | [ERROR]   | 400 - Bad Request : POST https://discord.com/api/v7/channels/993316322010202304/messages
2022-07-11 16:17:10 | [INFO]    | Discordia 2.9.2
2022-07-11 16:17:10 | [INFO]    | Connecting to Discord...
2022-07-11 16:17:10 | [INFO]    | Authenticated as cumbotv3#4867
2022-07-11 16:17:10 | [INFO]    | Launching shard 0 (1 out of 1)...
2022-07-11 16:17:11 | [INFO]    | Shard 0 : Connected to wss://gateway.discord.gg
2022-07-11 16:17:11 | [INFO]    | Shard 0 : Received HELLO
2022-07-11 16:17:11 | [INFO]    | Shard 0 : Received READY
2022-07-11 16:17:20 | [ERROR]   | 400 - Bad Request : POST https://discord.com/api/v7/channels/993316322010202304/messages
2022-07-11 16:17:54 | [INFO]    | Discordia 2.9.2
2022-07-11 16:17:54 | [INFO]    | Connecting to Discord...
2022-07-11 16:17:54 | [INFO]    | Authenticated as cumbotv3#4867
2022-07-11 16:17:54 | [INFO]    | Launching shard 0 (1 out of 1)...
2022-07-11 16:17:55 | [INFO]    | Shard 0 : Connected to wss://gateway.discord.gg
2022-07-11 16:17:55 | [INFO]    | Shard 0 : Received HELLO
2022-07-11 16:17:55 | [INFO]    | Shard 0 : Received READY
2022-07-11 16:17:57 | [ERROR]   | 400 - Bad Request : POST https://discord.com/api/v7/channels/993316322010202304/messages
2022-07-11 16:19:53 | [INFO]    | Discordia 2.9.2
2022-07-11 16:19:53 | [INFO]    | Connecting to Discord...
2022-07-11 16:19:53 | [INFO]    | Authenticated as cumbotv3#4867
2022-07-11 16:19:53 | [INFO]    | Launching shard 0 (1 out of 1)...
2022-07-11 16:19:53 | [INFO]    | Shard 0 : Connected to wss://gateway.discord.gg
2022-07-11 16:19:53 | [INFO]    | Shard 0 : Received HELLO
2022-07-11 16:19:54 | [INFO]    | Shard 0 : Received READY
2022-07-11 16:20:07 | [INFO]    | Discordia 2.9.2
2022-07-11 16:20:07 | [INFO]    | Connecting to Discord...
2022-07-11 16:20:07 | [INFO]    | Authenticated as cumbotv3#4867
2022-07-11 16:20:07 | [INFO]    | Launching shard 0 (1 out of 1)...
2022-07-11 16:20:08 | [INFO]    | Shard 0 : Connected to wss://gateway.discord.gg
2022-07-11 16:20:08 | [INFO]    | Shard 0 : Received HELLO
2022-07-11 16:20:08 | [INFO]    | Shard 0 : Received READY
2022-07-11 16:20:54 | [INFO]    | Discordia 2.9.2
2022-07-11 16:20:54 | [INFO]    | Connecting to Discord...
2022-07-11 16:20:54 | [INFO]    | Authenticated as cumbotv3#4867
2022-07-11 16:20:54 | [INFO]    | Launching shard 0 (1 out of 1)...
2022-07-11 16:20:55 | [INFO]    | Shard 0 : Connected to wss://gateway.discord.gg
2022-07-11 16:20:55 | [INFO]    | Shard 0 : Received HELLO
2022-07-11 16:20:55 | [INFO]    | Shard 0 : Received READY
2022-07-11 16:21:06 | [INFO]    | Discordia 2.9.2
2022-07-11 16:21:06 | [INFO]    | Connecting to Discord...
2022-07-11 16:21:07 | [INFO]    | Authenticated as cumbotv3#4867
2022-07-11 16:21:07 | [INFO]    | Launching shard 0 (1 out of 1)...
2022-07-11 16:21:07 | [INFO]    | Shard 0 : Connected to wss://gateway.discord.gg
2022-07-11 16:21:07 | [INFO]    | Shard 0 : Received HELLO
2022-07-11 16:21:07 | [INFO]    | Shard 0 : Received READY
2022-07-11 16:21:11 | [INFO]    | Discordia 2.9.2
2022-07-11 16:21:11 | [INFO]    | Connecting to Discord...
2022-07-11 16:21:12 | [INFO]    | Authenticated as cumbotv3#4867
2022-07-11 16:21:12 | [INFO]    | Launching shard 0 (1 out of 1)...
2022-07-11 16:21:39 | [INFO]    | Discordia 2.9.2
2022-07-11 16:21:39 | [INFO]    | Connecting to Discord...
2022-07-11 16:21:40 | [INFO]    | Authenticated as cumbotv3#4867
2022-07-11 16:21:40 | [INFO]    | Launching shard 0 (1 out of 1)...
2022-07-11 16:21:40 | [INFO]    | Shard 0 : Connected to wss://gateway.discord.gg
2022-07-11 16:21:40 | [INFO]    | Shard 0 : Received HELLO
2022-07-11 16:21:41 | [INFO]    | Shard 0 : Received READY
2022-07-11 16:23:10 | [INFO]    | Discordia 2.9.2
2022-07-11 16:23:10 | [INFO]    | Connecting to Discord...
2022-07-11 16:23:10 | [INFO]    | Authenticated as cumbotv3#4867
2022-07-11 16:23:10 | [INFO]    | Launching shard 0 (1 out of 1)...
2022-07-11 16:23:11 | [INFO]    | Shard 0 : Connected to wss://gateway.discord.gg
2022-07-11 16:23:11 | [INFO]    | Shard 0 : Received HELLO
2022-07-11 16:23:11 | [INFO]    | Shard 0 : Received READY
2022-07-11 16:23:13 | [ERROR]   | 400 - Bad Request : POST https://discord.com/api/v7/channels/993316322010202304/messages
2022-07-11 16:23:50 | [ERROR]   | 400 - Bad Request : POST https://discord.com/api/v7/channels/993316322010202304/messages
2022-07-11 16:29:33 | [INFO]    | Discordia 2.9.2
2022-07-11 16:29:33 | [INFO]    | Connecting to Discord...
2022-07-11 16:29:33 | [INFO]    | Authenticated as cumbotv3#4867
2022-07-11 16:29:33 | [INFO]    | Launching shard 0 (1 out of 1)...
2022-07-11 16:29:34 | [INFO]    | Shard 0 : Connected to wss://gateway.discord.gg
2022-07-11 16:29:34 | [INFO]    | Shard 0 : Received HELLO
2022-07-11 16:29:34 | [INFO]    | Shard 0 : Received READY
2022-07-11 16:30:54 | [INFO]    | Discordia 2.9.2
2022-07-11 16:30:54 | [INFO]    | Connecting to Discord...
2022-07-11 16:30:54 | [INFO]    | Authenticated as cumbotv3#4867
2022-07-11 16:30:54 | [INFO]    | Launching shard 0 (1 out of 1)...
2022-07-11 16:30:55 | [INFO]    | Shard 0 : Connected to wss://gateway.discord.gg
2022-07-11 16:30:55 | [INFO]    | Shard 0 : Received HELLO
2022-07-11 16:30:56 | [INFO]    | Shard 0 : Received READY
2022-07-11 16:31:29 | [INFO]    | Discordia 2.9.2
2022-07-11 16:31:29 | [INFO]    | Connecting to Discord...
2022-07-11 16:31:29 | [INFO]    | Authenticated as cumbotv3#4867
2022-07-11 16:31:29 | [INFO]    | Launching shard 0 (1 out of 1)...
2022-07-11 16:31:30 | [INFO]    | Shard 0 : Connected to wss://gateway.discord.gg
2022-07-11 16:31:30 | [INFO]    | Shard 0 : Received HELLO
2022-07-11 16:31:30 | [INFO]    | Shard 0 : Received READY
2022-07-11 16:31:51 | [INFO]    | Discordia 2.9.2
2022-07-11 16:31:51 | [INFO]    | Connecting to Discord...
2022-07-11 16:31:51 | [INFO]    | Authenticated as cumbotv3#4867
2022-07-11 16:31:51 | [INFO]    | Launching shard 0 (1 out of 1)...
2022-07-11 16:31:52 | [INFO]    | Shard 0 : Connected to wss://gateway.discord.gg
2022-07-11 16:31:52 | [INFO]    | Shard 0 : Received HELLO
2022-07-11 16:31:52 | [INFO]    | Shard 0 : Received READY
2022-07-11 16:32:31 | [INFO]    | Discordia 2.9.2
2022-07-11 16:32:31 | [INFO]    | Connecting to Discord...
2022-07-11 16:32:32 | [INFO]    | Authenticated as cumbotv3#4867
2022-07-11 16:32:32 | [INFO]    | Launching shard 0 (1 out of 1)...
2022-07-11 16:32:32 | [INFO]    | Shard 0 : Connected to wss://gateway.discord.gg
2022-07-11 16:32:32 | [INFO]    | Shard 0 : Received HELLO
2022-07-11 16:32:32 | [INFO]    | Shard 0 : Received READY
2022-07-11 16:33:20 | [ERROR]   | 400 - Bad Request : POST https://discord.com/api/v7/channels/993316322010202304/messages
2022-07-11 16:35:23 | [INFO]    | Discordia 2.9.2
2022-07-11 16:35:23 | [INFO]    | Connecting to Discord...
2022-07-11 16:35:23 | [INFO]    | Authenticated as cumbotv3#4867
2022-07-11 16:35:23 | [INFO]    | Launching shard 0 (1 out of 1)...
2022-07-11 16:35:24 | [INFO]    | Shard 0 : Connected to wss://gateway.discord.gg
2022-07-11 16:35:24 | [INFO]    | Shard 0 : Received HELLO
2022-07-11 16:35:24 | [INFO]    | Shard 0 : Received READY
2022-07-11 16:37:48 | [ERROR]   | 400 - Bad Request : POST https://discord.com/api/v7/channels/993316322010202304/messages
2022-07-11 16:38:42 | [ERROR]   | 400 - Bad Request : POST https://discord.com/api/v7/channels/993316322010202304/messages
2022-07-11 17:46:55 | [INFO]    | Discordia 2.9.2
2022-07-11 17:46:55 | [INFO]    | Connecting to Discord...
2022-07-11 17:46:56 | [INFO]    | Authenticated as cumbotv3#4867
2022-07-11 17:46:57 | [INFO]    | Launching shard 0 (1 out of 1)...
2022-07-11 17:46:57 | [INFO]    | Shard 0 : Connected to wss://gateway.discord.gg
2022-07-11 17:46:57 | [INFO]    | Shard 0 : Received HELLO
2022-07-11 17:46:58 | [INFO]    | Shard 0 : Received READY
2022-07-11 18:15:31 | [INFO]    | Shard 0 : Discord has requested a reconnection
2022-07-11 18:15:31 | [INFO]    | Shard 0 : Disconnected
2022-07-11 18:15:31 | [INFO]    | Shard 0 : Reconnecting...
2022-07-11 18:15:31 | [INFO]    | Shard 0 : Connected to wss://gateway.discord.gg
2022-07-11 18:15:31 | [INFO]    | Shard 0 : Received HELLO
2022-07-11 18:15:32 | [INFO]    | Shard 0 : Received RESUMED
2022-07-11 18:27:17 | [WARNING] | Uncached TextChannel (995782829290033202) on MESSAGE_CREATE
2022-07-11 18:36:28 | [INFO]    | Shard 0 : Disconnected
2022-07-11 18:36:28 | [INFO]    | Shard 0 : Reconnecting after 1050 ms...
2022-07-11 18:36:30 | [INFO]    | Shard 0 : Connected to wss://gateway.discord.gg
2022-07-11 18:36:30 | [INFO]    | Shard 0 : Received HELLO
2022-07-11 18:36:30 | [INFO]    | Shard 0 : Received RESUMED
2022-07-11 19:39:59 | [INFO]    | Shard 0 : Disconnected
2022-07-11 19:39:59 | [INFO]    | Shard 0 : Reconnecting after 1042 ms...
2022-07-11 19:40:00 | [INFO]    | Shard 0 : Connected to wss://gateway.discord.gg
2022-07-11 19:40:00 | [INFO]    | Shard 0 : Received HELLO
2022-07-11 19:40:01 | [INFO]    | Shard 0 : Session invalidated, re-identifying...
2022-07-11 19:40:06 | [INFO]    | Shard 0 : Received READY
2022-07-11 19:49:00 | [INFO]    | Discordia 2.9.2
2022-07-11 19:49:00 | [INFO]    | Connecting to Discord...
2022-07-11 19:49:01 | [INFO]    | Authenticated as cumbotv3#4867
2022-07-11 19:49:02 | [INFO]    | Launching shard 0 (1 out of 1)...
2022-07-11 19:49:02 | [INFO]    | Shard 0 : Connected to wss://gateway.discord.gg
2022-07-11 19:49:02 | [INFO]    | Shard 0 : Received HELLO
2022-07-11 19:49:02 | [INFO]    | Shard 0 : Received READY
2022-07-11 19:51:10 | [INFO]    | Discordia 2.9.2
2022-07-11 19:51:10 | [INFO]    | Connecting to Discord...
2022-07-11 19:51:11 | [INFO]    | Authenticated as cumbotv3#4867
2022-07-11 19:51:11 | [INFO]    | Launching shard 0 (1 out of 1)...
2022-07-11 19:51:11 | [INFO]    | Shard 0 : Connected to wss://gateway.discord.gg
2022-07-11 19:51:11 | [INFO]    | Shard 0 : Received HELLO
2022-07-11 19:51:11 | [INFO]    | Shard 0 : Received READY
2022-07-11 20:11:21 | [INFO]    | Discordia 2.9.2
2022-07-11 20:11:21 | [INFO]    | Connecting to Discord...
2022-07-11 20:11:22 | [INFO]    | Authenticated as cumbotv3#4867
2022-07-11 20:11:22 | [INFO]    | Launching shard 0 (1 out of 1)...
2022-07-11 20:11:23 | [INFO]    | Shard 0 : Connected to wss://gateway.discord.gg
2022-07-11 20:11:23 | [INFO]    | Shard 0 : Received HELLO
2022-07-11 20:11:23 | [INFO]    | Shard 0 : Received READY
2022-07-11 20:12:00 | [INFO]    | Discordia 2.9.2
2022-07-11 20:12:00 | [INFO]    | Connecting to Discord...
2022-07-11 20:12:01 | [INFO]    | Authenticated as cumbotv3#4867
2022-07-11 20:12:01 | [INFO]    | Launching shard 0 (1 out of 1)...
2022-07-11 20:12:01 | [INFO]    | Shard 0 : Connected to wss://gateway.discord.gg
2022-07-11 20:12:01 | [INFO]    | Shard 0 : Received HELLO
2022-07-11 20:12:01 | [INFO]    | Shard 0 : Received READY
2022-07-11 20:12:27 | [INFO]    | Discordia 2.9.2
2022-07-11 20:12:27 | [INFO]    | Connecting to Discord...
2022-07-11 20:12:28 | [INFO]    | Authenticated as cumbotv3#4867
2022-07-11 20:12:28 | [INFO]    | Launching shard 0 (1 out of 1)...
2022-07-11 20:12:28 | [INFO]    | Shard 0 : Connected to wss://gateway.discord.gg
2022-07-11 20:12:28 | [INFO]    | Shard 0 : Received HELLO
2022-07-11 20:12:29 | [INFO]    | Shard 0 : Received READY
2022-07-11 20:12:34 | [INFO]    | Discordia 2.9.2
2022-07-11 20:12:34 | [INFO]    | Connecting to Discord...
2022-07-11 20:12:35 | [INFO]    | Authenticated as cumbotv3#4867
2022-07-11 20:12:35 | [INFO]    | Launching shard 0 (1 out of 1)...
2022-07-11 20:12:35 | [INFO]    | Shard 0 : Connected to wss://gateway.discord.gg
2022-07-11 20:12:35 | [INFO]    | Shard 0 : Received HELLO
2022-07-11 20:12:35 | [INFO]    | Shard 0 : Received READY
2022-07-11 20:13:08 | [INFO]    | Discordia 2.9.2
2022-07-11 20:13:08 | [INFO]    | Connecting to Discord...
2022-07-11 20:13:09 | [INFO]    | Authenticated as cumbotv3#4867
2022-07-11 20:13:09 | [INFO]    | Launching shard 0 (1 out of 1)...
2022-07-11 20:13:09 | [INFO]    | Shard 0 : Connected to wss://gateway.discord.gg
2022-07-11 20:13:09 | [INFO]    | Shard 0 : Received HELLO
2022-07-11 20:13:10 | [INFO]    | Shard 0 : Received READY
2022-07-11 20:14:08 | [INFO]    | Discordia 2.9.2
2022-07-11 20:14:08 | [INFO]    | Connecting to Discord...
2022-07-11 20:14:08 | [INFO]    | Authenticated as cumbotv3#4867
2022-07-11 20:14:08 | [INFO]    | Launching shard 0 (1 out of 1)...
2022-07-11 20:14:08 | [INFO]    | Shard 0 : Connected to wss://gateway.discord.gg
2022-07-11 20:14:08 | [INFO]    | Shard 0 : Received HELLO
2022-07-11 20:14:09 | [INFO]    | Shard 0 : Received READY
2022-07-11 21:35:29 | [INFO]    | Shard 0 : Disconnected
2022-07-11 21:35:29 | [INFO]    | Shard 0 : Reconnecting after 1047 ms...
2022-07-11 21:35:31 | [INFO]    | Shard 0 : Connected to wss://gateway.discord.gg
2022-07-11 21:35:31 | [INFO]    | Shard 0 : Received HELLO
2022-07-11 21:35:31 | [INFO]    | Shard 0 : Session invalidated, re-identifying...
2022-07-11 21:35:35 | [INFO]    | Shard 0 : Received READY
2022-07-11 22:00:28 | [INFO]    | Discordia 2.9.2
2022-07-11 22:00:28 | [INFO]    | Connecting to Discord...
2022-07-11 22:00:29 | [INFO]    | Authenticated as cumbotv3#4867
2022-07-11 22:00:29 | [INFO]    | Launching shard 0 (1 out of 1)...
2022-07-11 22:00:30 | [INFO]    | Shard 0 : Connected to wss://gateway.discord.gg
2022-07-11 22:00:30 | [INFO]    | Shard 0 : Received HELLO
2022-07-11 22:00:30 | [INFO]    | Shard 0 : Received READY
2022-07-11 22:01:09 | [INFO]    | Discordia 2.9.2
2022-07-11 22:01:09 | [INFO]    | Connecting to Discord...
2022-07-11 22:01:10 | [INFO]    | Authenticated as cumbotv3#4867
2022-07-11 22:01:10 | [INFO]    | Launching shard 0 (1 out of 1)...
2022-07-11 22:01:10 | [INFO]    | Shard 0 : Connected to wss://gateway.discord.gg
2022-07-11 22:01:10 | [INFO]    | Shard 0 : Received HELLO
2022-07-11 22:01:11 | [INFO]    | Shard 0 : Received READY
2022-07-11 22:01:53 | [INFO]    | Discordia 2.9.2
2022-07-11 22:01:53 | [INFO]    | Connecting to Discord...
2022-07-11 22:01:53 | [INFO]    | Authenticated as cumbotv3#4867
2022-07-11 22:01:53 | [INFO]    | Launching shard 0 (1 out of 1)...
2022-07-11 22:01:53 | [INFO]    | Shard 0 : Connected to wss://gateway.discord.gg
2022-07-11 22:01:53 | [INFO]    | Shard 0 : Received HELLO
2022-07-11 22:01:54 | [INFO]    | Shard 0 : Received READY
2022-07-11 23:20:06 | [INFO]    | Discordia 2.9.2
2022-07-11 23:20:06 | [INFO]    | Connecting to Discord...
2022-07-11 23:20:06 | [INFO]    | Authenticated as cumbotv3#4867
2022-07-11 23:20:07 | [INFO]    | Launching shard 0 (1 out of 1)...
2022-07-11 23:20:07 | [INFO]    | Shard 0 : Connected to wss://gateway.discord.gg
2022-07-11 23:20:07 | [INFO]    | Shard 0 : Received HELLO
2022-07-11 23:20:08 | [INFO]    | Shard 0 : Received READY
2022-07-11 23:20:55 | [INFO]    | Discordia 2.9.2
2022-07-11 23:20:55 | [INFO]    | Connecting to Discord...
2022-07-11 23:20:55 | [INFO]    | Authenticated as cumbotv3#4867
2022-07-11 23:20:55 | [INFO]    | Launching shard 0 (1 out of 1)...
2022-07-11 23:20:55 | [INFO]    | Shard 0 : Connected to wss://gateway.discord.gg
2022-07-11 23:20:55 | [INFO]    | Shard 0 : Received HELLO
2022-07-11 23:20:56 | [INFO]    | Shard 0 : Received READY
2022-07-11 23:29:54 | [INFO]    | Discordia 2.9.2
2022-07-11 23:29:54 | [INFO]    | Connecting to Discord...
2022-07-11 23:29:55 | [INFO]    | Authenticated as cumbotv3#4867
2022-07-11 23:29:55 | [INFO]    | Launching shard 0 (1 out of 1)...
2022-07-11 23:29:55 | [INFO]    | Shard 0 : Connected to wss://gateway.discord.gg
2022-07-11 23:29:55 | [INFO]    | Shard 0 : Received HELLO
2022-07-11 23:29:55 | [INFO]    | Shard 0 : Received READY
2022-07-11 23:39:32 | [INFO]    | Discordia 2.9.2
2022-07-11 23:39:32 | [INFO]    | Connecting to Discord...
2022-07-11 23:39:32 | [INFO]    | Authenticated as cumbotv3#4867
2022-07-11 23:39:32 | [INFO]    | Launching shard 0 (1 out of 1)...
2022-07-11 23:39:33 | [INFO]    | Shard 0 : Connected to wss://gateway.discord.gg
2022-07-11 23:39:33 | [INFO]    | Shard 0 : Received HELLO
2022-07-11 23:39:33 | [INFO]    | Shard 0 : Received READY
2022-07-11 23:40:05 | [INFO]    | Discordia 2.9.2
2022-07-11 23:40:05 | [INFO]    | Connecting to Discord...
2022-07-11 23:40:05 | [INFO]    | Authenticated as cumbotv3#4867
2022-07-11 23:40:05 | [INFO]    | Launching shard 0 (1 out of 1)...
2022-07-11 23:40:06 | [INFO]    | Shard 0 : Connected to wss://gateway.discord.gg
2022-07-11 23:40:06 | [INFO]    | Shard 0 : Received HELLO
2022-07-11 23:40:06 | [INFO]    | Shard 0 : Received READY
2022-07-11 23:40:29 | [INFO]    | Discordia 2.9.2
2022-07-11 23:40:29 | [INFO]    | Connecting to Discord...
2022-07-11 23:40:30 | [INFO]    | Authenticated as cumbotv3#4867
2022-07-11 23:40:30 | [INFO]    | Launching shard 0 (1 out of 1)...
2022-07-11 23:40:30 | [INFO]    | Shard 0 : Connected to wss://gateway.discord.gg
2022-07-11 23:40:30 | [INFO]    | Shard 0 : Received HELLO
2022-07-11 23:40:31 | [INFO]    | Shard 0 : Received READY
2022-07-11 23:41:55 | [INFO]    | Discordia 2.9.2
2022-07-11 23:41:55 | [INFO]    | Connecting to Discord...
2022-07-11 23:41:56 | [INFO]    | Authenticated as cumbotv3#4867
2022-07-11 23:41:56 | [INFO]    | Launching shard 0 (1 out of 1)...
2022-07-11 23:41:56 | [INFO]    | Shard 0 : Connected to wss://gateway.discord.gg
2022-07-11 23:41:56 | [INFO]    | Shard 0 : Received HELLO
2022-07-11 23:41:57 | [INFO]    | Shard 0 : Received READY
2022-07-11 23:43:20 | [INFO]    | Discordia 2.9.2
2022-07-11 23:43:20 | [INFO]    | Connecting to Discord...
2022-07-11 23:43:20 | [INFO]    | Authenticated as cumbotv3#4867
2022-07-11 23:43:20 | [INFO]    | Launching shard 0 (1 out of 1)...
2022-07-11 23:43:20 | [INFO]    | Shard 0 : Connected to wss://gateway.discord.gg
2022-07-11 23:43:20 | [INFO]    | Shard 0 : Received HELLO
2022-07-11 23:43:21 | [INFO]    | Shard 0 : Received READY
2022-07-11 23:46:49 | [INFO]    | Discordia 2.9.2
2022-07-11 23:46:49 | [INFO]    | Connecting to Discord...
2022-07-11 23:46:50 | [INFO]    | Authenticated as cumbotv3#4867
2022-07-11 23:46:50 | [INFO]    | Launching shard 0 (1 out of 1)...
2022-07-11 23:46:50 | [INFO]    | Shard 0 : Connected to wss://gateway.discord.gg
2022-07-11 23:46:50 | [INFO]    | Shard 0 : Received HELLO
2022-07-11 23:46:51 | [INFO]    | Shard 0 : Received READY
2022-07-11 23:48:06 | [INFO]    | Discordia 2.9.2
2022-07-11 23:48:06 | [INFO]    | Connecting to Discord...
2022-07-11 23:48:06 | [INFO]    | Authenticated as cumbotv3#4867
2022-07-11 23:48:06 | [INFO]    | Launching shard 0 (1 out of 1)...
2022-07-11 23:48:07 | [INFO]    | Shard 0 : Connected to wss://gateway.discord.gg
2022-07-11 23:48:07 | [INFO]    | Shard 0 : Received HELLO
2022-07-11 23:48:07 | [INFO]    | Shard 0 : Received READY
2022-07-11 23:58:40 | [INFO]    | Discordia 2.9.2
2022-07-11 23:58:40 | [INFO]    | Connecting to Discord...
2022-07-11 23:58:40 | [INFO]    | Authenticated as cumbotv3#4867
2022-07-11 23:58:40 | [INFO]    | Launching shard 0 (1 out of 1)...
2022-07-11 23:58:41 | [INFO]    | Shard 0 : Connected to wss://gateway.discord.gg
2022-07-11 23:58:41 | [INFO]    | Shard 0 : Received HELLO
